c:\users\pc3\desktop\code\ip\debug\vc141.pdb
c:\users\pc3\desktop\code\ip\debug\vc141.idb
c:\users\pc3\desktop\code\ip\debug\pim_route_msg.obj
c:\users\pc3\desktop\code\ip\debug\pim_route.obj
c:\users\pc3\desktop\code\ip\debug\pim_print.obj
c:\users\pc3\desktop\code\ip\debug\pim_neighbor.obj
c:\users\pc3\desktop\code\ip\debug\pim_msg.obj
c:\users\pc3\desktop\code\ip\debug\pim_join.obj
c:\users\pc3\desktop\code\ip\debug\pim_hello.obj
c:\users\pc3\desktop\code\ip\debug\pim_group.obj
c:\users\pc3\desktop\code\ip\debug\pim_config.obj
c:\users\pc3\desktop\code\ip\debug\nat.obj
c:\users\pc3\desktop\code\ip\debug\multicast.obj
c:\users\pc3\desktop\code\ip\debug\ip_utility.obj
c:\users\pc3\desktop\code\ip\debug\ip_routing.obj
c:\users\pc3\desktop\code\ip\debug\ip.obj
c:\users\pc3\desktop\code\ip\debug\igmp_router.obj
c:\users\pc3\desktop\code\ip\debug\igmp_msg.obj
c:\users\pc3\desktop\code\ip\debug\igmp_host.obj
c:\users\pc3\desktop\code\ip\debug\igmp.obj
c:\users\pc3\desktop\code\ip\debug\icmp.obj
c:\users\pc3\desktop\code\ip\debug\dns.obj
c:\users\pc3\desktop\code\ip\debug\vpn.obj
c:\users\pc3\desktop\code\ip\debug\pim_sm.obj
c:\users\pc3\desktop\code\dll\ip.lib
c:\users\pc3\desktop\code\dll\ip.exp
c:\users\pc3\desktop\code\dll\libip.dll
c:\users\pc3\desktop\code\dll\ip.pdb
c:\users\pc3\desktop\fog computing in iot\32 bit\code\ip\debug\dns.obj
c:\users\pc3\desktop\fog computing in iot\32 bit\code\ip\debug\icmp.obj
c:\users\pc3\desktop\fog computing in iot\32 bit\code\ip\debug\igmp.obj
c:\users\pc3\desktop\fog computing in iot\32 bit\code\ip\debug\igmp_host.obj
c:\users\pc3\desktop\fog computing in iot\32 bit\code\ip\debug\igmp_msg.obj
c:\users\pc3\desktop\fog computing in iot\32 bit\code\ip\debug\igmp_router.obj
c:\users\pc3\desktop\fog computing in iot\32 bit\code\ip\debug\ip.obj
c:\users\pc3\desktop\fog computing in iot\32 bit\code\ip\debug\ip_routing.obj
c:\users\pc3\desktop\fog computing in iot\32 bit\code\ip\debug\ip_utility.obj
c:\users\pc3\desktop\fog computing in iot\32 bit\code\ip\debug\multicast.obj
c:\users\pc3\desktop\fog computing in iot\32 bit\code\ip\debug\nat.obj
c:\users\pc3\desktop\fog computing in iot\32 bit\code\ip\debug\pim_config.obj
c:\users\pc3\desktop\fog computing in iot\32 bit\code\ip\debug\pim_group.obj
c:\users\pc3\desktop\fog computing in iot\32 bit\code\ip\debug\pim_hello.obj
c:\users\pc3\desktop\fog computing in iot\32 bit\code\ip\debug\pim_join.obj
c:\users\pc3\desktop\fog computing in iot\32 bit\code\ip\debug\pim_msg.obj
c:\users\pc3\desktop\fog computing in iot\32 bit\code\ip\debug\pim_neighbor.obj
c:\users\pc3\desktop\fog computing in iot\32 bit\code\ip\debug\pim_print.obj
c:\users\pc3\desktop\fog computing in iot\32 bit\code\ip\debug\pim_route.obj
c:\users\pc3\desktop\fog computing in iot\32 bit\code\ip\debug\pim_route_msg.obj
c:\users\pc3\desktop\fog computing in iot\32 bit\code\ip\debug\pim_sm.obj
c:\users\pc3\desktop\fog computing in iot\32 bit\code\ip\debug\vpn.obj
c:\users\pc3\desktop\fog computing in iot\32 bit\code\ip\debug\vc141.idb
c:\users\pc3\desktop\fog computing in iot\32 bit\code\ip\debug\vc141.pdb
c:\users\pc3\desktop\fog computing in iot\32 bit\code\ip\debug\ip.tlog\cl.command.1.tlog
c:\users\pc3\desktop\fog computing in iot\32 bit\code\ip\debug\ip.tlog\cl.read.1.tlog
c:\users\pc3\desktop\fog computing in iot\32 bit\code\ip\debug\ip.tlog\cl.write.1.tlog
c:\users\pc3\desktop\fog computing in iot\32 bit\code\ip\debug\ip.tlog\ip.write.1u.tlog
c:\users\pc3\desktop\fog computing in iot\32 bit\code\ip\debug\ip.tlog\link.command.1.tlog
c:\users\pc3\desktop\fog computing in iot\32 bit\code\ip\debug\ip.tlog\link.read.1.tlog
c:\users\pc3\desktop\fog computing in iot\32 bit\code\ip\debug\ip.tlog\link.write.1.tlog
