c:\users\tetcos-demo system\downloads\fog computing in iot\fog computing in iot\64 bit\code\dll\application.lib
c:\users\tetcos-demo system\downloads\fog computing in iot\fog computing in iot\64 bit\code\dll\application.exp
c:\users\tetcos-demo system\downloads\fog computing in iot\fog computing in iot\64 bit\code\application\x64\debug\vc141.pdb
c:\users\tetcos-demo system\downloads\fog computing in iot\fog computing in iot\64 bit\code\application\x64\debug\vc141.idb
c:\users\tetcos-demo system\downloads\fog computing in iot\fog computing in iot\64 bit\code\application\x64\debug\randomnumber.obj
c:\users\tetcos-demo system\downloads\fog computing in iot\fog computing in iot\64 bit\code\application\x64\debug\multicast.obj
c:\users\tetcos-demo system\downloads\fog computing in iot\fog computing in iot\64 bit\code\application\x64\debug\encryption.obj
c:\users\tetcos-demo system\downloads\fog computing in iot\fog computing in iot\64 bit\code\application\x64\debug\emulation_application.obj
c:\users\tetcos-demo system\downloads\fog computing in iot\fog computing in iot\64 bit\code\application\x64\debug\distribution.obj
c:\users\tetcos-demo system\downloads\fog computing in iot\fog computing in iot\64 bit\code\application\x64\debug\des_run.obj
c:\users\tetcos-demo system\downloads\fog computing in iot\fog computing in iot\64 bit\code\application\x64\debug\des.obj
c:\users\tetcos-demo system\downloads\fog computing in iot\fog computing in iot\64 bit\code\application\x64\debug\database_ftp_custom.obj
c:\users\tetcos-demo system\downloads\fog computing in iot\fog computing in iot\64 bit\code\application\x64\debug\coap.obj
c:\users\tetcos-demo system\downloads\fog computing in iot\fog computing in iot\64 bit\code\application\x64\debug\bsm.obj
c:\users\tetcos-demo system\downloads\fog computing in iot\fog computing in iot\64 bit\code\application\x64\debug\application.obj
c:\users\tetcos-demo system\downloads\fog computing in iot\fog computing in iot\64 bit\code\application\x64\debug\aes_run.obj
c:\users\tetcos-demo system\downloads\fog computing in iot\fog computing in iot\64 bit\code\application\x64\debug\aes.obj
c:\users\tetcos-demo system\downloads\fog computing in iot\fog computing in iot\64 bit\code\dll\libapplication.dll
c:\users\tetcos-demo system\downloads\fog computing in iot\fog computing in iot\64 bit\code\dll\application.pdb
c:\users\tetcos-pc\desktop\fog computing in iot\fog computing in iot\64 bit\code\application\x64\debug\aes.obj
c:\users\tetcos-pc\desktop\fog computing in iot\fog computing in iot\64 bit\code\application\x64\debug\aes_run.obj
c:\users\tetcos-pc\desktop\fog computing in iot\fog computing in iot\64 bit\code\application\x64\debug\application.obj
c:\users\tetcos-pc\desktop\fog computing in iot\fog computing in iot\64 bit\code\application\x64\debug\bsm.obj
c:\users\tetcos-pc\desktop\fog computing in iot\fog computing in iot\64 bit\code\application\x64\debug\coap.obj
c:\users\tetcos-pc\desktop\fog computing in iot\fog computing in iot\64 bit\code\application\x64\debug\database_ftp_custom.obj
c:\users\tetcos-pc\desktop\fog computing in iot\fog computing in iot\64 bit\code\application\x64\debug\des.obj
c:\users\tetcos-pc\desktop\fog computing in iot\fog computing in iot\64 bit\code\application\x64\debug\des_run.obj
c:\users\tetcos-pc\desktop\fog computing in iot\fog computing in iot\64 bit\code\application\x64\debug\distribution.obj
c:\users\tetcos-pc\desktop\fog computing in iot\fog computing in iot\64 bit\code\application\x64\debug\emulation_application.obj
c:\users\tetcos-pc\desktop\fog computing in iot\fog computing in iot\64 bit\code\application\x64\debug\encryption.obj
c:\users\tetcos-pc\desktop\fog computing in iot\fog computing in iot\64 bit\code\application\x64\debug\multicast.obj
c:\users\tetcos-pc\desktop\fog computing in iot\fog computing in iot\64 bit\code\application\x64\debug\randomnumber.obj
c:\users\tetcos-pc\desktop\fog computing in iot\fog computing in iot\64 bit\code\application\x64\debug\vc141.idb
c:\users\tetcos-pc\desktop\fog computing in iot\fog computing in iot\64 bit\code\application\x64\debug\vc141.pdb
c:\users\tetcos-pc\desktop\fog computing in iot\fog computing in iot\64 bit\code\application\x64\debug\application.tlog\application.write.1u.tlog
c:\users\tetcos-pc\desktop\fog computing in iot\fog computing in iot\64 bit\code\application\x64\debug\application.tlog\cl.command.1.tlog
c:\users\tetcos-pc\desktop\fog computing in iot\fog computing in iot\64 bit\code\application\x64\debug\application.tlog\cl.read.1.tlog
c:\users\tetcos-pc\desktop\fog computing in iot\fog computing in iot\64 bit\code\application\x64\debug\application.tlog\cl.write.1.tlog
c:\users\tetcos-pc\desktop\fog computing in iot\fog computing in iot\64 bit\code\application\x64\debug\application.tlog\link.12140.delete.1.tlog
c:\users\tetcos-pc\desktop\fog computing in iot\fog computing in iot\64 bit\code\application\x64\debug\application.tlog\link.command.1.tlog
c:\users\tetcos-pc\desktop\fog computing in iot\fog computing in iot\64 bit\code\application\x64\debug\application.tlog\link.read.1.tlog
c:\users\tetcos-pc\desktop\fog computing in iot\fog computing in iot\64 bit\code\application\x64\debug\application.tlog\link.write.1.tlog
