c:\users\pc3\desktop\code\dll\application.lib
c:\users\pc3\desktop\code\dll\application.exp
c:\users\pc3\desktop\code\application\debug\vc141.pdb
c:\users\pc3\desktop\code\application\debug\vc141.idb
c:\users\pc3\desktop\code\application\debug\randomnumber.obj
c:\users\pc3\desktop\code\application\debug\multicast.obj
c:\users\pc3\desktop\code\application\debug\encryption.obj
c:\users\pc3\desktop\code\application\debug\emulation_application.obj
c:\users\pc3\desktop\code\application\debug\distribution.obj
c:\users\pc3\desktop\code\application\debug\des_run.obj
c:\users\pc3\desktop\code\application\debug\des.obj
c:\users\pc3\desktop\code\application\debug\database_ftp_custom.obj
c:\users\pc3\desktop\code\application\debug\coap.obj
c:\users\pc3\desktop\code\application\debug\bsm.obj
c:\users\pc3\desktop\code\application\debug\application.obj
c:\users\pc3\desktop\code\application\debug\aes_run.obj
c:\users\pc3\desktop\code\application\debug\aes.obj
c:\users\pc3\desktop\code\dll\libapplication.dll
c:\users\pc3\desktop\code\dll\application.pdb
c:\users\pc3\desktop\fog computing in iot\32 bit\code\application\debug\aes.obj
c:\users\pc3\desktop\fog computing in iot\32 bit\code\application\debug\aes_run.obj
c:\users\pc3\desktop\fog computing in iot\32 bit\code\application\debug\application.obj
c:\users\pc3\desktop\fog computing in iot\32 bit\code\application\debug\bsm.obj
c:\users\pc3\desktop\fog computing in iot\32 bit\code\application\debug\coap.obj
c:\users\pc3\desktop\fog computing in iot\32 bit\code\application\debug\database_ftp_custom.obj
c:\users\pc3\desktop\fog computing in iot\32 bit\code\application\debug\des.obj
c:\users\pc3\desktop\fog computing in iot\32 bit\code\application\debug\des_run.obj
c:\users\pc3\desktop\fog computing in iot\32 bit\code\application\debug\distribution.obj
c:\users\pc3\desktop\fog computing in iot\32 bit\code\application\debug\emulation_application.obj
c:\users\pc3\desktop\fog computing in iot\32 bit\code\application\debug\encryption.obj
c:\users\pc3\desktop\fog computing in iot\32 bit\code\application\debug\multicast.obj
c:\users\pc3\desktop\fog computing in iot\32 bit\code\application\debug\randomnumber.obj
c:\users\pc3\desktop\fog computing in iot\32 bit\code\application\debug\vc141.idb
c:\users\pc3\desktop\fog computing in iot\32 bit\code\application\debug\vc141.pdb
c:\users\pc3\desktop\fog computing in iot\32 bit\code\application\debug\application.tlog\application.write.1u.tlog
c:\users\pc3\desktop\fog computing in iot\32 bit\code\application\debug\application.tlog\cl.command.1.tlog
c:\users\pc3\desktop\fog computing in iot\32 bit\code\application\debug\application.tlog\cl.read.1.tlog
c:\users\pc3\desktop\fog computing in iot\32 bit\code\application\debug\application.tlog\cl.write.1.tlog
c:\users\pc3\desktop\fog computing in iot\32 bit\code\application\debug\application.tlog\link.command.1.tlog
c:\users\pc3\desktop\fog computing in iot\32 bit\code\application\debug\application.tlog\link.read.1.tlog
c:\users\pc3\desktop\fog computing in iot\32 bit\code\application\debug\application.tlog\link.write.1.tlog
